
Showing logs for build [32mcb-kubecd-bdd-ghfjxy-import-158-jx8c6-1[0m stage [32mrun-make[0m and container [32mstep-credential-initializer-kmskq[0m
{"level":"warn","ts":1586691472.4971478,"logger":"fallback-logger","caller":"logging/config.go:69","msg":"Fetch GitHub commit ID from kodata failed: \"ref: refs/heads/0.8.0-**-support-backwards-incompats\" is not a valid GitHub commit ID"}
{"level":"info","ts":1586691472.4977858,"logger":"fallback-logger","caller":"creds-init/main.go:40","msg":"Credentials initialized."}

Showing logs for build [32mcb-kubecd-bdd-ghfjxy-import-158-jx8c6-1[0m stage [32mrun-make[0m and container [32mstep-working-dir-initializer-m26n8[0m
{"level":"warn","ts":1586691473.4872282,"logger":"fallback-logger","caller":"logging/config.go:69","msg":"Fetch GitHub commit ID from kodata failed: open /var/run/ko/HEAD: no such file or directory"}
{"level":"info","ts":1586691473.4885044,"logger":"fallback-logger","caller":"bash/main.go:64","msg":"Successfully executed command \"sh -c mkdir -p /workspace/source\"; output "}

Showing logs for build [32mcb-kubecd-bdd-ghfjxy-import-158-jx8c6-1[0m stage [32mrun-make[0m and container [32mstep-place-tools[0m

Showing logs for build [32mcb-kubecd-bdd-ghfjxy-import-158-jx8c6-1[0m stage [32mrun-make[0m and container [32mstep-create-dir-workspace-tk7cc[0m
{"level":"warn","ts":1586691480.8840272,"logger":"fallback-logger","caller":"logging/config.go:69","msg":"Fetch GitHub commit ID from kodata failed: open /var/run/ko/HEAD: no such file or directory"}
{"level":"info","ts":1586691480.8856997,"logger":"fallback-logger","caller":"bash/main.go:64","msg":"Successfully executed command \"sh -c mkdir -p source\"; output "}

Showing logs for build [32mcb-kubecd-bdd-ghfjxy-import-158-jx8c6-1[0m stage [32mrun-make[0m and container [32mstep-git-source-cb-kubecd-bdd-ghfjxy-import-158-jx8c6-nfdq2[0m
{"level":"warn","ts":1586691481.0795066,"logger":"fallback-logger","caller":"logging/config.go:69","msg":"Fetch GitHub commit ID from kodata failed: \"ref: refs/heads/0.8.0-**-support-backwards-incompats\" is not a valid GitHub commit ID"}
{"level":"info","ts":1586691482.1485708,"logger":"fallback-logger","caller":"git/git.go:103","msg":"Successfully cloned https://github.com/cb-kubecd/bdd-ghf**y-import-1586690820.git @ v0.0.1 in path /workspace/source"}

Showing logs for build [32mcb-kubecd-bdd-ghfjxy-import-158-jx8c6-1[0m stage [32mrun-make[0m and container [32mstep-git-merge[0m
Using SHAs from PULL_REFS=master:bb797c1e0de76690b9d4d641b4ddfa2022c87065
WARNING: no SHAs to merge, falling back to initial cloned commit

Showing logs for build [32mcb-kubecd-bdd-ghfjxy-import-158-jx8c6-1[0m stage [32mrun-make[0m and container [32mstep-setup-jx-git-credentials[0m
Generated Git credentials file /workspace/xdg_config/git/credentials

Showing logs for build [32mcb-kubecd-bdd-ghfjxy-import-158-jx8c6-1[0m stage [32mrun-make[0m and container [32mstep-build-make-build[0m
CGO_ENABLED=0 GO15VENDOREXPERIMENT=1 go build -ldflags '' -o bin/bdd-ghf**y-import-1586690820 main.go

Showing logs for build [32mcb-kubecd-bdd-ghfjxy-import-158-jx8c6-1[0m stage [32mrun-make[0m and container [32mstep-source-mkdir-cb-kubecd-bdd-ghfjxy-import-158-jx8c6-n2z6w[0m
{"level":"warn","ts":1586691507.6671317,"logger":"fallback-logger","caller":"logging/config.go:69","msg":"Fetch GitHub commit ID from kodata failed: open /var/run/ko/HEAD: no such file or directory"}
{"level":"info","ts":1586691507.697574,"logger":"fallback-logger","caller":"bash/main.go:64","msg":"Successfully executed command \"sh -c mkdir -p /pvc/run-make/workspace\"; output "}

Showing logs for build [32mcb-kubecd-bdd-ghfjxy-import-158-jx8c6-1[0m stage [32mrun-make[0m and container [32mstep-source-copy-cb-kubecd-bdd-ghfjxy-import-158-jx8c6-vdf5b[0m
{"level":"warn","ts":1586691507.972821,"logger":"fallback-logger","caller":"logging/config.go:69","msg":"Fetch GitHub commit ID from kodata failed: open /var/run/ko/HEAD: no such file or directory"}
{"level":"info","ts":1586691508.0038974,"logger":"fallback-logger","caller":"bash/main.go:64","msg":"Successfully executed command \"sh -c cp -r source/. /pvc/run-make/workspace\"; output "}

Showing logs for build [32mcb-kubecd-bdd-ghfjxy-import-158-jx8c6-1[0m stage [32meverything-else[0m and container [32mstep-credential-initializer-56xr7[0m
{"level":"warn","ts":1586691543.7283387,"logger":"fallback-logger","caller":"logging/config.go:69","msg":"Fetch GitHub commit ID from kodata failed: \"ref: refs/heads/0.8.0-**-support-backwards-incompats\" is not a valid GitHub commit ID"}
{"level":"info","ts":1586691543.7707245,"logger":"fallback-logger","caller":"creds-init/main.go:40","msg":"Credentials initialized."}

Showing logs for build [32mcb-kubecd-bdd-ghfjxy-import-158-jx8c6-1[0m stage [32meverything-else[0m and container [32mstep-working-dir-initializer-hpvp4[0m
{"level":"warn","ts":1586691544.2698553,"logger":"fallback-logger","caller":"logging/config.go:69","msg":"Fetch GitHub commit ID from kodata failed: open /var/run/ko/HEAD: no such file or directory"}
{"level":"info","ts":1586691544.2723107,"logger":"fallback-logger","caller":"bash/main.go:64","msg":"Successfully executed command \"sh -c mkdir -p /workspace/source\"; output "}

Showing logs for build [32mcb-kubecd-bdd-ghfjxy-import-158-jx8c6-1[0m stage [32meverything-else[0m and container [32mstep-place-tools[0m

Showing logs for build [32mcb-kubecd-bdd-ghfjxy-import-158-jx8c6-1[0m stage [32meverything-else[0m and container [32mstep-create-dir-workspace-dszcb[0m
{"level":"warn","ts":1586691552.5730395,"logger":"fallback-logger","caller":"logging/config.go:69","msg":"Fetch GitHub commit ID from kodata failed: open /var/run/ko/HEAD: no such file or directory"}
{"level":"info","ts":1586691552.5798323,"logger":"fallback-logger","caller":"bash/main.go:64","msg":"Successfully executed command \"sh -c mkdir -p /workspace/source\"; output "}

Showing logs for build [32mcb-kubecd-bdd-ghfjxy-import-158-jx8c6-1[0m stage [32meverything-else[0m and container [32mstep-source-copy-workspace-strhp[0m
{"level":"warn","ts":1586691552.809894,"logger":"fallback-logger","caller":"logging/config.go:69","msg":"Fetch GitHub commit ID from kodata failed: open /var/run/ko/HEAD: no such file or directory"}
{"level":"info","ts":1586691553.1909823,"logger":"fallback-logger","caller":"bash/main.go:64","msg":"Successfully executed command \"sh -c cp -r /pvc/run-make/workspace/. /workspace/source\"; output "}

Showing logs for build [32mcb-kubecd-bdd-ghfjxy-import-158-jx8c6-1[0m stage [32meverything-else[0m and container [32mstep-build-container-build[0m
[36mINFO[0m[0000] No base image, nothing to extract            
[36mINFO[0m[0000] cmd: EXPOSE                                  
[36mINFO[0m[0000] Adding exposed port: 8080/tcp                
[36mINFO[0m[0000] Using files from context: [/workspace/source/bin] 
[36mINFO[0m[0000] Skipping unpacking as no commands require it. 
[36mINFO[0m[0000] Taking snapshot of full filesystem...        
[36mINFO[0m[0000] EXPOSE 8080                                  
[36mINFO[0m[0000] cmd: EXPOSE                                  
[36mINFO[0m[0000] Adding exposed port: 8080/tcp                
[36mINFO[0m[0000] No files changed in this command, skipping snapshotting. 
[36mINFO[0m[0000] ENTRYPOINT ["/bdd-ghf**y-import-1586690820"] 
[36mINFO[0m[0000] No files changed in this command, skipping snapshotting. 
[36mINFO[0m[0000] Using files from context: [/workspace/source/bin] 
[36mINFO[0m[0000] COPY ./bin/ /                                
[36mINFO[0m[0000] Taking snapshot of files...                  
2020/04/12 11:39:17 pushed blob: sha256:4529d875d747c66d357e1f7ce62cae28330a10fe663716d0f25395c356b86f62
2020/04/12 11:39:18 pushed blob: sha256:5430ee53c9616cfdcf76b1f0c8decc4ab47bc25870746fbb7c3ecc8ad4be9167
2020/04/12 11:39:20 gcr.io/jenkins-x-bdd3/bdd-ghf**y-import-1586690820:0.0.1: digest: sha256:409288ad1a07fc7749caa344343a362588b98391acbefe489e3d3e477faa85b8 size: 428

Showing logs for build [32mcb-kubecd-bdd-ghfjxy-import-158-jx8c6-1[0m stage [32meverything-else[0m and container [32mstep-build-post-build[0m
no CVE provider running in the current ** namespace so skip adding image to be analysed

Showing logs for build [32mcb-kubecd-bdd-ghfjxy-import-158-jx8c6-1[0m stage [32meverything-else[0m and container [32mstep-promote-changelog[0m
Converted /workspace/source to an unshallow repository
Generating change log from git ref 6244322140b9d8fea967260786bb0b79b7388156 => 4fc4e8538e8c185a6c7002c9f14597aa4bca5683
Associating user x-0 in users.jenkins.io with email c**d-bot@cloudbees.com to git GitProvider user with login -0 as emails match
Adding label jenkins.io/git-github-userid=-0 to user x-0 in users.jenkins.io
WARNING: Failed to enrich commit bb797c1e0de76690b9d4d641b4ddfa2022c87065 with issues: User.jenkins.io "x-0" is invalid: metadata.labels: Invalid value: "-0": a valid label must be an empty string or consist of alphanumeric characters, '-', '_' or '.', and must start and end with an alphanumeric character (e.g. 'MyValue',  or 'my_value',  or '12345', regex used for validation is '(([A-Za-z0-9][-A-Za-z0-9_.]*)?[A-Za-z0-9])?')
Associating user x-0 in users.jenkins.io with email c**d-bot@cloudbees.com to git GitProvider user with login -0 as emails match
Adding label jenkins.io/git-github-userid=-0 to user x-0 in users.jenkins.io
WARNING: Failed to enrich commit bb797c1e0de76690b9d4d641b4ddfa2022c87065 with issues: User.jenkins.io "x-0" is invalid: metadata.labels: Invalid value: "-0": a valid label must be an empty string or consist of alphanumeric characters, '-', '_' or '.', and must start and end with an alphanumeric character (e.g. 'MyValue',  or 'my_value',  or '12345', regex used for validation is '(([A-Za-z0-9][-A-Za-z0-9_.]*)?[A-Za-z0-9])?')
Finding issues in commit messages using git format
WARNING: No release found for cb-kubecd/bdd-ghf**y-import-1586690820 and tag v0.0.1 so creating a new release
Updated the release information at https://github.com/cb-kubecd/bdd-ghf**y-import-1586690820/releases/tag/v0.0.1
generated: /workspace/source/charts/bdd-ghf**y-import-1586690820/templates/release.yaml
Created Release bdd-ghf**y-import-1586690820-0-0-1 resource in namespace **
Updating PipelineActivity cb-kubecd-bdd-ghf**y-import-1586690820-master-1 with version 0.0.1
Updated PipelineActivities cb-kubecd-bdd-ghf**y-import-1586690820-master-1 with release notes URL: https://github.com/cb-kubecd/bdd-ghf**y-import-1586690820/releases/tag/v0.0.1

Showing logs for build [32mcb-kubecd-bdd-ghfjxy-import-158-jx8c6-1[0m stage [32meverything-else[0m and container [32mstep-promote-helm-release[0m
WARNING: No $CHART_REPOSITORY defined so using the default value of: http://jenkins-x-chartmuseum:8080
Adding missing Helm repo: storage.googleapis.com https://storage.googleapis.com/chartmuseum.jenkins-x.io
WARNING: No secrets found on "helm/repos" due: reading the secret "helm/repos" from vault: no secret "helm/repos" not found in vault
Read credentials for https://storage.googleapis.com/chartmuseum.jenkins-x.io from vault helm/repos
Successfully added Helm repository storage.googleapis.com.
Adding missing Helm repo: jenkins-x-chartmuseum http://jenkins-x-chartmuseum:8080
WARNING: No secrets found on "helm/repos" due: reading the secret "helm/repos" from vault: no secret "helm/repos" not found in vault
Read credentials for http://jenkins-x-chartmuseum:8080 from vault helm/repos
Successfully added Helm repository jenkins-x-chartmuseum.
WARNING: No $CHART_REPOSITORY defined so using the default value of: http://jenkins-x-chartmuseum:8080
Uploading chart file bdd-ghf**y-import-1586690820-0.0.1.tgz to http://jenkins-x-chartmuseum:8080/api/charts
Received 201 response: {"saved":true}

Showing logs for build [32mcb-kubecd-bdd-ghfjxy-import-158-jx8c6-1[0m stage [32meverything-else[0m and container [32mstep-promote-jx-promote[0m
WARNING: prow based install so skip waiting for the merge of Pull Requests to go green as currently there is an issue with gettingstatuses from the PR, see https://github.com/jenkins-x/**/issues/2410
WARNING: No $CHART_REPOSITORY defined so using the default value of: http://jenkins-x-chartmuseum:8080
Promoting app bdd-ghf**y-import-1586690820 version 0.0.1 to namespace **-staging
WARNING: 
Created Pull Request: https://github.com/cb-kubecd/environment-pr-199-85-boot-gke-staging/pull/6
Added label updatebot to Pull Request https://github.com/cb-kubecd/environment-pr-199-85-boot-gke-staging/pull/6
got git provider status pending from PR https://github.com/cb-kubecd/environment-pr-199-85-boot-gke-staging/pull/6
got git provider status pending from PR https://github.com/cb-kubecd/environment-pr-199-85-boot-gke-staging/pull/6
got git provider status pending from PR https://github.com/cb-kubecd/environment-pr-199-85-boot-gke-staging/pull/6
got git provider status pending from PR https://github.com/cb-kubecd/environment-pr-199-85-boot-gke-staging/pull/6
Pull Request https://github.com/cb-kubecd/environment-pr-199-85-boot-gke-staging/pull/6 is merged at sha 2557e03e1eaeb6ccb7032fdc6a8b25a4d952ac87
Pull Request merged but we are not waiting for the update pipeline to complete!
WARNING: Could not find the service URL in namespace **-staging for names bdd-ghf**y-import-1586690820, **-bdd-ghf**y-import-1586690820, **-staging-bdd-ghf**y-import-1586690820
